Determining if the pthread_create exist failed with the following output:
Change Dir: /home/pavel/ros_workspace/cv_tutorial/build/CMakeFiles/CMakeTmp

Run Build Command:"/usr/bin/make" "cmTC_bbece/fast"
make[1]: вход в каталог «/home/pavel/ros_workspace/cv_tutorial/build/CMakeFiles/CMakeTmp»
/usr/bin/make -f CMakeFiles/cmTC_bbece.dir/build.make CMakeFiles/cmTC_bbece.dir/build
make[2]: вход в каталог «/home/pavel/ros_workspace/cv_tutorial/build/CMakeFiles/CMakeTmp»
Building C object CMakeFiles/cmTC_bbece.dir/CheckSymbolExists.c.o
/usr/bin/cc    -o CMakeFiles/cmTC_bbece.dir/CheckSymbolExists.c.o   -c /home/pavel/ros_workspace/cv_tutorial/build/CMakeFiles/CMakeTmp/CheckSymbolExists.c
Linking C executable cmTC_bbece
/usr/bin/cmake -E cmake_link_script CMakeFiles/cmTC_bbece.dir/link.txt --verbose=1
/usr/bin/cc      -rdynamic CMakeFiles/cmTC_bbece.dir/CheckSymbolExists.c.o  -o cmTC_bbece 
CMakeFiles/cmTC_bbece.dir/CheckSymbolExists.c.o: In function `main':
CheckSymbolExists.c:(.text+0x1b): undefined reference to `pthread_create'
collect2: error: ld returned 1 exit status
CMakeFiles/cmTC_bbece.dir/build.make:97: recipe for target 'cmTC_bbece' failed
make[2]: *** [cmTC_bbece] Error 1
make[2]: выход из каталога «/home/pavel/ros_workspace/cv_tutorial/build/CMakeFiles/CMakeTmp»
Makefile:126: recipe for target 'cmTC_bbece/fast' failed
make[1]: *** [cmTC_bbece/fast] Error 2
make[1]: выход из каталога «/home/pavel/ros_workspace/cv_tutorial/build/CMakeFiles/CMakeTmp»

File /home/pavel/ros_workspace/cv_tutorial/build/CMakeFiles/CMakeTmp/CheckSymbolExists.c:
/* */
#include <pthread.h>

int main(int argc, char** argv)
{
  (void)argv;
#ifndef pthread_create
  return ((int*)(&pthread_create))[argc];
#else
  (void)argc;
  return 0;
#endif
}

Determining if the function pthread_create exists in the pthreads failed with the following output:
Change Dir: /home/pavel/ros_workspace/cv_tutorial/build/CMakeFiles/CMakeTmp

Run Build Command:"/usr/bin/make" "cmTC_8cfeb/fast"
make[1]: вход в каталог «/home/pavel/ros_workspace/cv_tutorial/build/CMakeFiles/CMakeTmp»
/usr/bin/make -f CMakeFiles/cmTC_8cfeb.dir/build.make CMakeFiles/cmTC_8cfeb.dir/build
make[2]: вход в каталог «/home/pavel/ros_workspace/cv_tutorial/build/CMakeFiles/CMakeTmp»
Building C object CMakeFiles/cmTC_8cfeb.dir/CheckFunctionExists.c.o
/usr/bin/cc   -DCHECK_FUNCTION_EXISTS=pthread_create   -o CMakeFiles/cmTC_8cfeb.dir/CheckFunctionExists.c.o   -c /usr/share/cmake-3.10/Modules/CheckFunctionExists.c
Linking C executable cmTC_8cfeb
/usr/bin/cmake -E cmake_link_script CMakeFiles/cmTC_8cfeb.dir/link.txt --verbose=1
/usr/bin/cc  -DCHECK_FUNCTION_EXISTS=pthread_create    -rdynamic CMakeFiles/cmTC_8cfeb.dir/CheckFunctionExists.c.o  -o cmTC_8cfeb -lpthreads 
/usr/bin/ld: cannot find -lpthreads
collect2: error: ld returned 1 exit status
CMakeFiles/cmTC_8cfeb.dir/build.make:97: recipe for target 'cmTC_8cfeb' failed
make[2]: *** [cmTC_8cfeb] Error 1
make[2]: выход из каталога «/home/pavel/ros_workspace/cv_tutorial/build/CMakeFiles/CMakeTmp»
Makefile:126: recipe for target 'cmTC_8cfeb/fast' failed
make[1]: *** [cmTC_8cfeb/fast] Error 2
make[1]: выход из каталога «/home/pavel/ros_workspace/cv_tutorial/build/CMakeFiles/CMakeTmp»


